Build started 08-06-2019 19:58:08.
     1>Project "C:\Users\RamyaV\Documents\Visual Studio 2013\Projects\Day4(28th)\student__data\student__data\student__data.vcxproj" on node 2 (Build target(s)).
     1>Link:
         C:\Program Files (x86)\Microsoft Visual Studio 12.0\VC\bin\link.exe /ERRORREPORT:PROMPT /OUT:"C:\Users\RamyaV\Documents\Visual Studio 2013\Projects\Day4(28th)\student__data\Debug\student__data.exe" /INCREMENTAL /NOLOGO kernel32.lib user32.lib gdi32.lib winspool.lib comdlg32.lib advapi32.lib shell32.lib ole32.lib oleaut32.lib uuid.lib odbc32.lib odbccp32.lib /MANIFEST /MANIFESTUAC:"level='asInvoker' uiAccess='false'" /manifest:embed /DEBUG /PDB:"C:\Users\RamyaV\Documents\Visual Studio 2013\Projects\Day4(28th)\student__data\Debug\student__data.pdb" /SUBSYSTEM:CONSOLE /TLBID:1 /DYNAMICBASE /NXCOMPAT /IMPLIB:"C:\Users\RamyaV\Documents\Visual Studio 2013\Projects\Day4(28th)\student__data\Debug\student__data.lib" /MACHINE:X86 Debug\stdafx.obj
         Debug\student__data.obj
     1>LINK : fatal error LNK1168: cannot open C:\Users\RamyaV\Documents\Visual Studio 2013\Projects\Day4(28th)\student__data\Debug\student__data.exe for writing
     1>Done Building Project "C:\Users\RamyaV\Documents\Visual Studio 2013\Projects\Day4(28th)\student__data\student__data\student__data.vcxproj" (Build target(s)) -- FAILED.

Build FAILED.

Time Elapsed 00:00:00.68
